<?xml version="1.0" encoding="UTF-8"?>
<!-- Generated by org.testng.reporters.JUnitReportReporter -->
<testsuite hostname="DESKTOP-3J82O7A" failures="0" tests="1" name="assignmentOnExtentReportUsingListeners.TC_002" time="101.775" errors="0" timestamp="2025-02-20T17:36:03 IST" skipped="0">
  <testcase classname="assignmentOnExtentReportUsingListeners.TC_002" name="giftCard" time="101.775"/>
</testsuite> <!-- assignmentOnExtentReportUsingListeners.TC_002 -->
