<?xml version="1.0" encoding="UTF-8"?>
<!-- Generated by org.testng.reporters.JUnitReportReporter -->
<testsuite hostname="DESKTOP-3J82O7A" failures="0" tests="2" name="dataDrivenTesting.UsingDataProviderDDT" time="52.577" errors="0" timestamp="2025-02-06T13:23:45 IST" skipped="0">
  <testcase classname="dataDrivenTesting.UsingDataProviderDDT" name="reciever" time="25.427">
    <system-out>
      <![CDATA[I am an reciever for Login]]>
    </system-out>
  </testcase> <!-- reciever -->
  <testcase classname="dataDrivenTesting.UsingDataProviderDDT" name="reciever" time="27.150">
    <system-out>
      <![CDATA[I am an reciever for Login]]>
    </system-out>
  </testcase> <!-- reciever -->
  <system-out>
    <![CDATA[I am an reciever for Login
I am an reciever for Login]]>
  </system-out>
</testsuite> <!-- dataDrivenTesting.UsingDataProviderDDT -->
