<?xml version="1.0" encoding="UTF-8"?>
<!-- Generated by org.testng.reporters.JUnitReportReporter -->
<testsuite hostname="DESKTOP-3J82O7A" failures="0" tests="1" name="TestCaseExecution2.Facebook" time="3.879" errors="0" timestamp="2025-02-21T14:54:47 IST" skipped="0">
  <testcase classname="TestCaseExecution2.Facebook" name="facebook" time="3.879"/>
</testsuite> <!-- TestCaseExecution2.Facebook -->
