<?xml version="1.0" encoding="UTF-8"?>
<!-- Generated by org.testng.reporters.JUnitReportReporter -->
<testsuite hostname="DESKTOP-3J82O7A" failures="0" tests="1" name="assignmentOnExtentReportUsingListeners.TC_003" time="10.782" errors="0" timestamp="2025-02-16T15:59:28 IST" skipped="0">
  <testcase classname="assignmentOnExtentReportUsingListeners.TC_003" name="communityPoll" time="10.782"/>
</testsuite> <!-- assignmentOnExtentReportUsingListeners.TC_003 -->
