<?xml version="1.0" encoding="UTF-8"?>
<!-- Generated by org.testng.reporters.JUnitReportReporter -->
<testsuite hostname="DESKTOP-3J82O7A" failures="0" tests="1" name="extentReportMethod.SampleReport" time="0.669" errors="0" timestamp="2025-02-14T13:02:13 IST" skipped="0">
  <testcase classname="extentReportMethod.SampleReport" name="reports" time="0.669"/>
</testsuite> <!-- extentReportMethod.SampleReport -->
