<?xml version="1.0" encoding="UTF-8"?>
<!-- Generated by org.testng.reporters.JUnitReportReporter -->
<testsuite hostname="DESKTOP-3J82O7A" failures="0" tests="1" name="com.crm.PageObject.Login" time="13.523" errors="0" timestamp="2025-02-20T17:06:57 IST" skipped="0">
  <testcase classname="com.crm.PageObject.Login" name="loginTest" time="13.523"/>
</testsuite> <!-- com.crm.PageObject.Login -->
