<?xml version="1.0" encoding="UTF-8"?>
<!-- Generated by org.testng.reporters.JUnitReportReporter -->
<testsuite hostname="DESKTOP-3J82O7A" failures="0" tests="1" name="TestCaseExecution1.Rcb" time="23.744" errors="0" timestamp="2025-02-18T18:18:50 IST" skipped="0">
  <testcase classname="TestCaseExecution1.Rcb" name="rcb" time="23.744"/>
</testsuite> <!-- TestCaseExecution1.Rcb -->
