<?xml version="1.0" encoding="UTF-8"?>
<!-- Generated by org.testng.reporters.JUnitReportReporter -->
<testsuite hostname="DESKTOP-3J82O7A" failures="0" tests="1" name="assignmentOnExtentReportUsingListeners.TC_001" time="4.055" errors="0" timestamp="2025-02-15T14:53:32 IST" skipped="0">
  <testcase classname="assignmentOnExtentReportUsingListeners.TC_001" name="search_field" time="4.055"/>
</testsuite> <!-- assignmentOnExtentReportUsingListeners.TC_001 -->
