<?xml version="1.0" encoding="UTF-8"?>
<!-- Generated by org.testng.reporters.JUnitReportReporter -->
<testsuite hostname="DESKTOP-3J82O7A" failures="0" tests="1" name="TestCaseExecution1.Rcb" time="19.781" errors="0" timestamp="2025-02-21T14:54:47 IST" skipped="0">
  <testcase classname="TestCaseExecution1.Rcb" name="rcb" time="19.781"/>
</testsuite> <!-- TestCaseExecution1.Rcb -->
