<?xml version="1.0" encoding="UTF-8"?>
<!-- Generated by org.testng.reporters.JUnitReportReporter -->
<testsuite hostname="DESKTOP-3J82O7A" failures="0" tests="5" name="testNg.Prioritization" time="52.674" errors="0" timestamp="2025-02-18T23:21:11 IST" skipped="0">
  <testcase classname="testNg.Prioritization" name="rcb" time="11.202"/>
  <testcase classname="testNg.Prioritization" name="rcb" time="11.176"/>
  <testcase classname="testNg.Prioritization" name="rcb" time="11.176"/>
  <testcase classname="testNg.Prioritization" name="dws" time="6.254"/>
  <testcase classname="testNg.Prioritization" name="csk" time="12.866"/>
</testsuite> <!-- testNg.Prioritization -->
