<?xml version="1.0" encoding="UTF-8"?>
<!-- Generated by org.testng.reporters.JUnitReportReporter -->
<testsuite hostname="DESKTOP-3J82O7A" failures="0" tests="1" name="dataDrivenTesting.ReadFromProperties" time="8.057" errors="0" timestamp="2025-01-25T11:06:46 IST" skipped="0">
  <testcase classname="dataDrivenTesting.ReadFromProperties" name="data" time="8.057"/>
</testsuite> <!-- dataDrivenTesting.ReadFromProperties -->
