<?xml version="1.0" encoding="UTF-8"?>
<!-- Generated by org.testng.reporters.JUnitReportReporter -->
<testsuite hostname="DESKTOP-3J82O7A" failures="0" tests="3" name="extentReportMethod.UsingListeners" time="7.685" errors="1" timestamp="2025-02-20T22:04:00 IST" skipped="1">
  <testcase classname="extentReportMethod.UsingListeners" name="main1" time="2.869">
    <system-out>
      <![CDATA[main1]]>
    </system-out>
  </testcase> <!-- main1 -->
  <testcase classname="extentReportMethod.UsingListeners" name="main2" time="4.813">
    <error message="Method extentReportMethod.UsingListeners.main2() didn&#039;t finish within the time-out 1000" type="org.testng.internal.thread.ThreadTimeoutException">
      <![CDATA[org.testng.internal.thread.ThreadTimeoutException: Method extentReportMethod.UsingListeners.main2() didn't finish within the time-out 1000
at java.base/java.lang.Thread.sleepNanos0(Native Method)
at java.base/java.lang.Thread.sleepNanos(Thread.java:496)
at java.base/java.lang.Thread.sleep(Thread.java:527)
at extentReportMethod.UsingListeners.main2(UsingListeners.java:17)
at java.base/jdk.internal.reflect.DirectMethodHandleAccessor.invoke(DirectMethodHandleAccessor.java:103)
at java.base/java.lang.reflect.Method.invoke(Method.java:580)
at org.testng.internal.invokers.MethodInvocationHelper.invokeMethod(MethodInvocationHelper.java:141)
at org.testng.internal.invokers.InvokeMethodRunnable.runOne(InvokeMethodRunnable.java:47)
at org.testng.internal.invokers.InvokeMethodRunnable.call(InvokeMethodRunnable.java:76)
at org.testng.internal.invokers.InvokeMethodRunnable.call(InvokeMethodRunnable.java:11)
at java.base/java.util.concurrent.FutureTask.run(FutureTask.java:317)
at java.base/java.util.concurrent.ThreadPoolExecutor.runWorker(ThreadPoolExecutor.java:1144)
at java.base/java.util.concurrent.ThreadPoolExecutor$Worker.run(ThreadPoolExecutor.java:642)
at java.base/java.lang.Thread.run(Thread.java:1575)
]]>
    </error>
    <system-out>
      <![CDATA[main2]]>
    </system-out>
  </testcase> <!-- main2 -->
  <testcase classname="extentReportMethod.UsingListeners" name="main3" time="0.003">
    <skipped/>
  </testcase> <!-- main3 -->
  <system-out>
    <![CDATA[onStart
main2
onStart
main1]]>
  </system-out>
</testsuite> <!-- extentReportMethod.UsingListeners -->
