<?xml version="1.0" encoding="UTF-8"?>
<!-- Generated by org.testng.reporters.JUnitReportReporter -->
<testsuite hostname="DESKTOP-3J82O7A" failures="0" tests="3" name="TestCaseExecution1.Dws" time="15.082" errors="0" timestamp="2025-02-21T14:54:47 IST" skipped="0">
  <testcase classname="TestCaseExecution1.Dws" name="dws" time="4.827"/>
  <testcase classname="TestCaseExecution1.Dws" name="amazon" time="4.777"/>
  <testcase classname="TestCaseExecution1.Dws" name="flipkart" time="5.478"/>
</testsuite> <!-- TestCaseExecution1.Dws -->
