<?xml version="1.0" encoding="UTF-8"?>
<!-- Generated by org.testng.reporters.JUnitReportReporter -->
<testsuite hostname="DESKTOP-3J82O7A" failures="0" tests="2" name="dataDrivenTesting.OrangeHRM" time="44.185" errors="0" timestamp="2025-02-06T14:00:58 IST" skipped="0">
  <testcase classname="dataDrivenTesting.OrangeHRM" name="reciever" time="22.451"/>
  <testcase classname="dataDrivenTesting.OrangeHRM" name="reciever" time="21.734"/>
</testsuite> <!-- dataDrivenTesting.OrangeHRM -->
