<?xml version="1.0" encoding="UTF-8"?>
<!-- Generated by org.testng.reporters.JUnitReportReporter -->
<testsuite hostname="DESKTOP-3J82O7A" failures="0" tests="4" name="basic.ExecuteTestNg" time="0.014" errors="0" timestamp="2025-01-23T12:01:35 IST" skipped="0">
  <testcase classname="basic.ExecuteTestNg" name="apple" time="0.001"/>
  <testcase classname="basic.ExecuteTestNg" name="dharni" time="0.001"/>
  <testcase classname="basic.ExecuteTestNg" name="Sanjay" time="0.010"/>
  <testcase classname="basic.ExecuteTestNg" name="main" time="0.002"/>
</testsuite> <!-- basic.ExecuteTestNg -->
