<?xml version="1.0" encoding="UTF-8"?>
<!-- Generated by org.testng.reporters.JUnitReportReporter -->
<testsuite hostname="DESKTOP-3J82O7A" failures="0" tests="1" name="basic.ConfigurationAnnotation" time="0.016" errors="0" timestamp="2025-01-30T10:56:33 IST" skipped="0">
  <testcase classname="basic.ConfigurationAnnotation" name="test1" time="0.016"/>
</testsuite> <!-- basic.ConfigurationAnnotation -->
