<?xml version="1.0" encoding="UTF-8"?>
<!-- Generated by org.testng.reporters.JUnitReportReporter -->
<testsuite hostname="DESKTOP-3J82O7A" failures="0" tests="3" name="basic.ConfigurationAnnotation2" time="0.021" errors="0" timestamp="2025-01-30T11:12:31 IST" skipped="0">
  <testcase classname="basic.ConfigurationAnnotation2" name="test3" time="0.005"/>
  <testcase classname="basic.ConfigurationAnnotation2" name="test2" time="0.005"/>
  <testcase classname="basic.ConfigurationAnnotation2" name="test1" time="0.011"/>
</testsuite> <!-- basic.ConfigurationAnnotation2 -->
