<?xml version="1.0" encoding="UTF-8"?>
<!-- Generated by org.testng.reporters.JUnitReportReporter -->
<testsuite hostname="DESKTOP-3J82O7A" failures="0" tests="3" name="TestCaseExecution1.Dws" time="28.404" errors="0" timestamp="2025-02-18T18:18:50 IST" skipped="0">
  <testcase classname="TestCaseExecution1.Dws" name="dws" time="8.239"/>
  <testcase classname="TestCaseExecution1.Dws" name="amazon" time="15.384"/>
  <testcase classname="TestCaseExecution1.Dws" name="flipkart" time="4.781"/>
</testsuite> <!-- TestCaseExecution1.Dws -->
