<?xml version="1.0" encoding="UTF-8"?>
<!-- Generated by org.testng.reporters.JUnitReportReporter -->
<testsuite hostname="DESKTOP-3J82O7A" failures="0" tests="1" name="dataDrivenTesting.ByUsingFactoryMethod" time="0.015" errors="0" timestamp="2025-01-25T11:53:17 IST" skipped="0">
  <testcase classname="dataDrivenTesting.ByUsingFactoryMethod" name="readData" time="0.015"/>
</testsuite> <!-- dataDrivenTesting.ByUsingFactoryMethod -->
