<?xml version="1.0" encoding="UTF-8"?>
<!-- Generated by org.testng.reporters.JUnitReportReporter -->
<testsuite hostname="DESKTOP-3J82O7A" failures="0" tests="1" name="dataDrivenTesting.ReadFromXml" time="20.475" errors="0" timestamp="2025-02-05T13:15:59 IST" skipped="0">
  <testcase classname="dataDrivenTesting.ReadFromXml" name="demo" time="20.475"/>
</testsuite> <!-- dataDrivenTesting.ReadFromXml -->
